[0621/203453.578:ERROR:process_reader_win.cc(123)] NtOpenThread: {Access Denied} A process has requested access to an object, but has not been granted those access rights. (0xc0000022)
[0621/203453.580:ERROR:exception_snapshot_win.cc(98)] thread ID 10332 not found in process
[0621/203453.579:ERROR:process_reader_win.cc(123)] NtOpenThread: {Access Denied} A process has requested access to an object, but has not been granted those access rights. (0xc0000022)
[0621/203453.582:ERROR:exception_snapshot_win.cc(98)] thread ID 10416 not found in process
[0621/203453.597:ERROR:process_reader_win.cc(123)] NtOpenThread: {Access Denied} A process has requested access to an object, but has not been granted those access rights. (0xc0000022)
[0621/203453.598:ERROR:exception_snapshot_win.cc(98)] thread ID 12200 not found in process
[0621/203453.598:ERROR:process_reader_win.cc(123)] NtOpenThread: {Access Denied} A process has requested access to an object, but has not been granted those access rights. (0xc0000022)
[0621/203453.598:ERROR:exception_snapshot_win.cc(98)] thread ID 3032 not found in process
[0621/212733.484:ERROR:process_reader_win.cc(151)] SuspendThread: Access is denied. (0x5)
[0621/212733.484:ERROR:process_reader_win.cc(151)] SuspendThread: Access is denied. (0x5)
[0621/212733.485:ERROR:process_reader_win.cc(151)] SuspendThread: Access is denied. (0x5)
[0621/212733.485:ERROR:process_reader_win.cc(151)] SuspendThread: Access is denied. (0x5)
[0621/212733.485:ERROR:process_reader_win.cc(151)] SuspendThread: Access is denied. (0x5)
[0621/212733.485:ERROR:process_reader_win.cc(151)] SuspendThread: Access is denied. (0x5)
[0621/212733.485:ERROR:process_reader_win.cc(151)] SuspendThread: Access is denied. (0x5)
[0621/212733.485:ERROR:process_reader_win.cc(151)] SuspendThread: Access is denied. (0x5)
[0621/212733.485:ERROR:process_reader_win.cc(151)] SuspendThread: Access is denied. (0x5)
[0621/212733.485:ERROR:process_reader_win.cc(151)] SuspendThread: Access is denied. (0x5)
[0621/212733.485:ERROR:process_reader_win.cc(151)] SuspendThread: Access is denied. (0x5)
[0621/212733.485:ERROR:process_reader_win.cc(151)] SuspendThread: Access is denied. (0x5)
[0621/212733.485:ERROR:process_reader_win.cc(151)] SuspendThread: Access is denied. (0x5)
[0621/212733.485:ERROR:process_reader_win.cc(151)] SuspendThread: Access is denied. (0x5)
[0621/212733.485:ERROR:process_reader_win.cc(151)] SuspendThread: Access is denied. (0x5)
[0621/212733.485:ERROR:process_reader_win.cc(151)] SuspendThread: Access is denied. (0x5)
[0621/212733.485:ERROR:process_reader_win.cc(151)] SuspendThread: Access is denied. (0x5)
[0621/212733.485:ERROR:process_reader_win.cc(151)] SuspendThread: Access is denied. (0x5)
[0621/212733.485:ERROR:process_reader_win.cc(151)] SuspendThread: Access is denied. (0x5)
[0621/212733.485:ERROR:process_reader_win.cc(151)] SuspendThread: Access is denied. (0x5)
[0621/212733.485:ERROR:process_reader_win.cc(151)] SuspendThread: Access is denied. (0x5)
[0621/212733.485:ERROR:process_reader_win.cc(123)] NtOpenThread: {Access Denied} A process has requested access to an object, but has not been granted those access rights. (0xc0000022)
[0621/212733.485:ERROR:exception_snapshot_win.cc(98)] thread ID 4196 not found in process
[0621/212733.485:ERROR:process_reader_win.cc(123)] NtOpenThread: {Access Denied} A process has requested access to an object, but has not been granted those access rights. (0xc0000022)
[0621/212733.485:ERROR:exception_snapshot_win.cc(98)] thread ID 13224 not found in process
[0621/212733.498:ERROR:process_reader_win.cc(151)] SuspendThread: Access is denied. (0x5)
[0621/212733.499:ERROR:process_reader_win.cc(151)] SuspendThread: Access is denied. (0x5)
[0621/212733.499:ERROR:process_reader_win.cc(151)] SuspendThread: Access is denied. (0x5)
[0621/212733.499:ERROR:process_reader_win.cc(151)] SuspendThread: Access is denied. (0x5)
[0621/212733.499:ERROR:process_reader_win.cc(123)] NtOpenThread: {Access Denied} A process has requested access to an object, but has not been granted those access rights. (0xc0000022)
[0621/212733.499:ERROR:exception_snapshot_win.cc(98)] thread ID 15996 not found in process
[0621/212733.500:ERROR:process_reader_win.cc(151)] SuspendThread: Access is denied. (0x5)
[0621/212733.500:ERROR:process_reader_win.cc(151)] SuspendThread: Access is denied. (0x5)
[0621/212733.500:ERROR:process_reader_win.cc(151)] SuspendThread: Access is denied. (0x5)
[0621/212733.500:ERROR:process_reader_win.cc(151)] SuspendThread: Access is denied. (0x5)
[0621/212733.500:ERROR:process_reader_win.cc(151)] SuspendThread: Access is denied. (0x5)
[0621/212733.500:ERROR:process_reader_win.cc(123)] NtOpenThread: {Access Denied} A process has requested access to an object, but has not been granted those access rights. (0xc0000022)
[0621/212733.500:ERROR:exception_snapshot_win.cc(98)] thread ID 13760 not found in process
[0621/212733.504:ERROR:process_reader_win.cc(151)] SuspendThread: Access is denied. (0x5)
[0621/212733.504:ERROR:process_reader_win.cc(151)] SuspendThread: Access is denied. (0x5)
[0621/212733.504:ERROR:process_reader_win.cc(151)] SuspendThread: Access is denied. (0x5)
[0621/212733.504:ERROR:process_reader_win.cc(151)] SuspendThread: Access is denied. (0x5)
[0621/212733.504:ERROR:process_reader_win.cc(151)] SuspendThread: Access is denied. (0x5)
[0621/212733.504:ERROR:process_reader_win.cc(123)] NtOpenThread: {Access Denied} A process has requested access to an object, but has not been granted those access rights. (0xc0000022)
[0621/212733.504:ERROR:exception_snapshot_win.cc(98)] thread ID 13584 not found in process
[0621/212733.511:ERROR:process_reader_win.cc(151)] SuspendThread: Access is denied. (0x5)
[0621/212733.511:ERROR:process_reader_win.cc(151)] SuspendThread: Access is denied. (0x5)
[0621/212733.511:ERROR:process_reader_win.cc(123)] NtOpenThread: {Access Denied} A process has requested access to an object, but has not been granted those access rights. (0xc0000022)
[0621/212733.511:ERROR:exception_snapshot_win.cc(98)] thread ID 11988 not found in process
[0621/212733.518:ERROR:process_reader_win.cc(151)] SuspendThread: Access is denied. (0x5)
[0621/212733.518:ERROR:process_reader_win.cc(151)] SuspendThread: Access is denied. (0x5)
[0621/212733.518:ERROR:process_reader_win.cc(151)] SuspendThread: Access is denied. (0x5)
[0621/212733.518:ERROR:process_reader_win.cc(151)] SuspendThread: Access is denied. (0x5)
[0621/212733.518:ERROR:process_reader_win.cc(123)] NtOpenThread: {Access Denied} A process has requested access to an object, but has not been granted those access rights. (0xc0000022)
[0621/212733.519:ERROR:exception_snapshot_win.cc(98)] thread ID 13520 not found in process
[0621/212733.520:ERROR:process_reader_win.cc(123)] NtOpenThread: {Access Denied} A process has requested access to an object, but has not been granted those access rights. (0xc0000022)
[0621/212733.520:ERROR:exception_snapshot_win.cc(98)] thread ID 8320 not found in process
[0621/212837.657:ERROR:process_reader_win.cc(123)] NtOpenThread: {Access Denied} A process has requested access to an object, but has not been granted those access rights. (0xc0000022)
[0621/212837.672:ERROR:exception_snapshot_win.cc(98)] thread ID 12572 not found in process
[0621/212837.672:ERROR:process_reader_win.cc(123)] NtOpenThread: {Access Denied} A process has requested access to an object, but has not been granted those access rights. (0xc0000022)
[0621/212837.672:ERROR:exception_snapshot_win.cc(98)] thread ID 13264 not found in process
[0627/144009.980:ERROR:process_reader_win.cc(123)] NtOpenThread: {Access Denied} A process has requested access to an object, but has not been granted those access rights. (0xc0000022)
[0627/144009.982:ERROR:exception_snapshot_win.cc(98)] thread ID 7188 not found in process
[0627/144009.993:ERROR:process_reader_win.cc(123)] NtOpenThread: {Access Denied} A process has requested access to an object, but has not been granted those access rights. (0xc0000022)
[0627/144009.993:ERROR:exception_snapshot_win.cc(98)] thread ID 5896 not found in process
[0628/105322.292:ERROR:process_reader_win.cc(123)] NtOpenThread: {Access Denied} A process has requested access to an object, but has not been granted those access rights. (0xc0000022)
[0628/105322.294:ERROR:exception_snapshot_win.cc(98)] thread ID 17392 not found in process
[0628/105322.310:ERROR:process_reader_win.cc(123)] NtOpenThread: {Access Denied} A process has requested access to an object, but has not been granted those access rights. (0xc0000022)
[0628/105322.310:ERROR:exception_snapshot_win.cc(98)] thread ID 17496 not found in process
[0628/105423.032:ERROR:process_reader_win.cc(123)] NtOpenThread: {Access Denied} A process has requested access to an object, but has not been granted those access rights. (0xc0000022)
[0628/105423.034:ERROR:exception_snapshot_win.cc(98)] thread ID 2188 not found in process
[0628/105423.052:ERROR:process_reader_win.cc(123)] NtOpenThread: {Access Denied} A process has requested access to an object, but has not been granted those access rights. (0xc0000022)
[0628/105423.052:ERROR:exception_snapshot_win.cc(98)] thread ID 15916 not found in process
[0628/111849.276:ERROR:process_reader_win.cc(123)] NtOpenThread: {Access Denied} A process has requested access to an object, but has not been granted those access rights. (0xc0000022)
[0628/111849.277:ERROR:exception_snapshot_win.cc(98)] thread ID 17680 not found in process
[0628/111849.280:ERROR:process_reader_win.cc(123)] NtOpenThread: {Access Denied} A process has requested access to an object, but has not been granted those access rights. (0xc0000022)
[0628/111849.280:ERROR:exception_snapshot_win.cc(98)] thread ID 16616 not found in process
[0628/111849.290:ERROR:process_reader_win.cc(123)] NtOpenThread: {Access Denied} A process has requested access to an object, but has not been granted those access rights. (0xc0000022)
[0628/111849.290:ERROR:exception_snapshot_win.cc(98)] thread ID 13984 not found in process
[0628/111849.291:ERROR:process_reader_win.cc(123)] NtOpenThread: {Access Denied} A process has requested access to an object, but has not been granted those access rights. (0xc0000022)
[0628/111849.291:ERROR:exception_snapshot_win.cc(98)] thread ID 15212 not found in process
[0628/112310.818:ERROR:process_reader_win.cc(123)] NtOpenThread: {Access Denied} A process has requested access to an object, but has not been granted those access rights. (0xc0000022)
[0628/112310.819:ERROR:exception_snapshot_win.cc(98)] thread ID 15436 not found in process
[0628/112310.834:ERROR:process_reader_win.cc(123)] NtOpenThread: {Access Denied} A process has requested access to an object, but has not been granted those access rights. (0xc0000022)
[0628/112310.834:ERROR:exception_snapshot_win.cc(98)] thread ID 17868 not found in process
[0629/111535.749:ERROR:process_reader_win.cc(123)] NtOpenThread: {Access Denied} A process has requested access to an object, but has not been granted those access rights. (0xc0000022)
[0629/111535.751:ERROR:exception_snapshot_win.cc(98)] thread ID 18704 not found in process
[0629/111535.759:ERROR:process_reader_win.cc(123)] NtOpenThread: {Access Denied} A process has requested access to an object, but has not been granted those access rights. (0xc0000022)
[0629/111535.759:ERROR:exception_snapshot_win.cc(98)] thread ID 12428 not found in process
[0629/111535.776:ERROR:process_reader_win.cc(123)] NtOpenThread: {Access Denied} A process has requested access to an object, but has not been granted those access rights. (0xc0000022)
[0629/111535.777:ERROR:exception_snapshot_win.cc(98)] thread ID 13872 not found in process
[0630/100454.741:ERROR:process_reader_win.cc(123)] NtOpenThread: {Access Denied} A process has requested access to an object, but has not been granted those access rights. (0xc0000022)
[0630/100454.744:ERROR:exception_snapshot_win.cc(98)] thread ID 22804 not found in process
[0630/100454.744:ERROR:process_reader_win.cc(151)] SuspendThread: Access is denied. (0x5)
[0630/100454.744:ERROR:process_reader_win.cc(151)] SuspendThread: Access is denied. (0x5)
[0630/100454.745:ERROR:process_reader_win.cc(123)] NtOpenThread: {Access Denied} A process has requested access to an object, but has not been granted those access rights. (0xc0000022)
[0630/100454.745:ERROR:exception_snapshot_win.cc(98)] thread ID 4312 not found in process
[0630/100454.755:ERROR:process_reader_win.cc(123)] NtOpenThread: {Access Denied} A process has requested access to an object, but has not been granted those access rights. (0xc0000022)
[0630/100454.755:ERROR:exception_snapshot_win.cc(98)] thread ID 20800 not found in process
[0630/100454.760:ERROR:process_reader_win.cc(151)] SuspendThread: Access is denied. (0x5)
[0630/100454.760:ERROR:process_reader_win.cc(151)] SuspendThread: Access is denied. (0x5)
[0630/100454.760:ERROR:process_reader_win.cc(123)] NtOpenThread: {Access Denied} A process has requested access to an object, but has not been granted those access rights. (0xc0000022)
[0630/100454.760:ERROR:exception_snapshot_win.cc(98)] thread ID 824 not found in process
[0630/102105.406:ERROR:process_reader_win.cc(123)] NtOpenThread: {Access Denied} A process has requested access to an object, but has not been granted those access rights. (0xc0000022)
[0630/102105.406:ERROR:exception_snapshot_win.cc(98)] thread ID 20432 not found in process
[0630/102105.418:ERROR:process_reader_win.cc(123)] NtOpenThread: {Access Denied} A process has requested access to an object, but has not been granted those access rights. (0xc0000022)
[0630/102105.418:ERROR:exception_snapshot_win.cc(98)] thread ID 21316 not found in process
[0630/113832.630:ERROR:process_reader_win.cc(151)] SuspendThread: Access is denied. (0x5)
[0630/113832.631:ERROR:process_reader_win.cc(151)] SuspendThread: Access is denied. (0x5)
[0630/113832.631:ERROR:process_reader_win.cc(151)] SuspendThread: Access is denied. (0x5)
[0630/113832.630:ERROR:process_reader_win.cc(151)] SuspendThread: Access is denied. (0x5)
[0630/113832.631:ERROR:process_reader_win.cc(151)] SuspendThread: Access is denied. (0x5)
[0630/113832.631:ERROR:process_reader_win.cc(151)] SuspendThread: Access is denied. (0x5)
[0630/113832.631:ERROR:process_reader_win.cc(151)] SuspendThread: Access is denied. (0x5)
[0630/113832.631:ERROR:process_reader_win.cc(151)] SuspendThread: Access is denied. (0x5)
[0630/113832.631:ERROR:process_reader_win.cc(151)] SuspendThread: Access is denied. (0x5)
[0630/113832.631:ERROR:process_reader_win.cc(151)] SuspendThread: Access is denied. (0x5)
[0630/113832.631:ERROR:process_reader_win.cc(151)] SuspendThread: Access is denied. (0x5)
[0630/113832.631:ERROR:process_reader_win.cc(151)] SuspendThread: Access is denied. (0x5)
[0630/113832.631:ERROR:process_reader_win.cc(151)] SuspendThread: Access is denied. (0x5)
[0630/113832.631:ERROR:process_reader_win.cc(151)] SuspendThread: Access is denied. (0x5)
[0630/113832.644:ERROR:process_reader_win.cc(151)] SuspendThread: Access is denied. (0x5)
[0630/113832.644:ERROR:process_reader_win.cc(151)] SuspendThread: Access is denied. (0x5)
[0630/113832.631:ERROR:process_reader_win.cc(123)] NtOpenThread: An invalid Client ID was specified. (0xc000000b)
[0630/113832.631:ERROR:process_reader_win.cc(123)] NtOpenThread: {Access Denied} A process has requested access to an object, but has not been granted those access rights. (0xc0000022)
[0630/113832.645:ERROR:process_reader_win.cc(151)] SuspendThread: Access is denied. (0x5)
[0630/113832.645:ERROR:process_reader_win.cc(151)] SuspendThread: Access is denied. (0x5)
[0630/113832.645:ERROR:process_reader_win.cc(151)] SuspendThread: Access is denied. (0x5)
[0630/113832.645:ERROR:process_reader_win.cc(151)] SuspendThread: Access is denied. (0x5)
[0630/113832.645:ERROR:process_reader_win.cc(151)] SuspendThread: Access is denied. (0x5)
[0630/113832.645:ERROR:process_reader_win.cc(151)] SuspendThread: Access is denied. (0x5)
[0630/113832.645:ERROR:process_reader_win.cc(151)] SuspendThread: Access is denied. (0x5)
[0630/113832.646:ERROR:process_reader_win.cc(151)] SuspendThread: Access is denied. (0x5)
[0630/113832.646:ERROR:process_reader_win.cc(151)] SuspendThread: Access is denied. (0x5)
[0630/113832.646:ERROR:process_reader_win.cc(151)] SuspendThread: Access is denied. (0x5)
[0630/113832.646:ERROR:process_reader_win.cc(151)] SuspendThread: Access is denied. (0x5)
[0630/113832.646:ERROR:process_reader_win.cc(151)] SuspendThread: Access is denied. (0x5)
[0630/113832.646:ERROR:process_reader_win.cc(151)] SuspendThread: Access is denied. (0x5)
[0630/113832.646:ERROR:process_reader_win.cc(151)] SuspendThread: Access is denied. (0x5)
[0630/113832.646:ERROR:process_reader_win.cc(151)] SuspendThread: Access is denied. (0x5)
[0630/113832.646:ERROR:process_reader_win.cc(123)] NtOpenThread: {Access Denied} A process has requested access to an object, but has not been granted those access rights. (0xc0000022)
[0630/113832.646:ERROR:exception_snapshot_win.cc(98)] thread ID 6012 not found in process
[0630/113832.646:ERROR:exception_snapshot_win.cc(98)] thread ID 18264 not found in process
[0630/113832.649:ERROR:process_reader_win.cc(151)] SuspendThread: Access is denied. (0x5)
[0630/113832.649:ERROR:process_reader_win.cc(151)] SuspendThread: Access is denied. (0x5)
[0630/113832.649:ERROR:process_reader_win.cc(123)] NtOpenThread: {Access Denied} A process has requested access to an object, but has not been granted those access rights. (0xc0000022)
[0630/113832.649:ERROR:exception_snapshot_win.cc(98)] thread ID 16760 not found in process
[0630/113832.654:ERROR:process_reader_win.cc(151)] SuspendThread: Access is denied. (0x5)
[0630/113832.654:ERROR:process_reader_win.cc(151)] SuspendThread: Access is denied. (0x5)
[0630/113832.654:ERROR:process_reader_win.cc(151)] SuspendThread: Access is denied. (0x5)
[0630/113832.654:ERROR:process_reader_win.cc(123)] NtOpenThread: {Access Denied} A process has requested access to an object, but has not been granted those access rights. (0xc0000022)
[0630/113832.655:ERROR:exception_snapshot_win.cc(98)] thread ID 19708 not found in process
[0630/113832.644:ERROR:process_reader_win.cc(123)] NtOpenThread: {Access Denied} A process has requested access to an object, but has not been granted those access rights. (0xc0000022)
[0630/113832.658:ERROR:exception_snapshot_win.cc(98)] thread ID 21404 not found in process
[0630/113832.658:ERROR:process_reader_win.cc(151)] SuspendThread: Access is denied. (0x5)
[0630/113832.658:ERROR:process_reader_win.cc(123)] NtOpenThread: {Access Denied} A process has requested access to an object, but has not been granted those access rights. (0xc0000022)
[0630/113832.658:ERROR:exception_snapshot_win.cc(98)] thread ID 15832 not found in process
[0630/113832.663:ERROR:process_reader_win.cc(151)] SuspendThread: Access is denied. (0x5)
[0630/113832.663:ERROR:process_reader_win.cc(123)] NtOpenThread: {Access Denied} A process has requested access to an object, but has not been granted those access rights. (0xc0000022)
[0630/113832.663:ERROR:exception_snapshot_win.cc(98)] thread ID 3224 not found in process
[0630/113947.753:ERROR:process_reader_win.cc(151)] SuspendThread: Access is denied. (0x5)
[0630/113947.754:ERROR:process_reader_win.cc(151)] SuspendThread: Access is denied. (0x5)
[0630/113947.754:ERROR:process_reader_win.cc(123)] NtOpenThread: {Access Denied} A process has requested access to an object, but has not been granted those access rights. (0xc0000022)
[0630/113947.754:ERROR:exception_snapshot_win.cc(98)] thread ID 21924 not found in process
[0630/113947.763:ERROR:process_reader_win.cc(151)] SuspendThread: Access is denied. (0x5)
[0630/113947.763:ERROR:process_reader_win.cc(151)] SuspendThread: Access is denied. (0x5)
[0630/113947.763:ERROR:process_reader_win.cc(151)] SuspendThread: Access is denied. (0x5)
[0630/113947.763:ERROR:process_reader_win.cc(151)] SuspendThread: Access is denied. (0x5)
[0630/113947.763:ERROR:process_reader_win.cc(123)] NtOpenThread: {Access Denied} A process has requested access to an object, but has not been granted those access rights. (0xc0000022)
[0630/113947.763:ERROR:exception_snapshot_win.cc(98)] thread ID 12160 not found in process
[0630/113947.765:ERROR:process_reader_win.cc(151)] SuspendThread: Access is denied. (0x5)
[0630/113947.765:ERROR:process_reader_win.cc(123)] NtOpenThread: {Access Denied} A process has requested access to an object, but has not been granted those access rights. (0xc0000022)
[0630/113947.765:ERROR:exception_snapshot_win.cc(98)] thread ID 19804 not found in process
[0630/114127.941:ERROR:process_reader_win.cc(123)] NtOpenThread: {Access Denied} A process has requested access to an object, but has not been granted those access rights. (0xc0000022)
[0630/114127.941:ERROR:exception_snapshot_win.cc(98)] thread ID 22820 not found in process
[0630/114127.951:ERROR:process_reader_win.cc(123)] NtOpenThread: {Access Denied} A process has requested access to an object, but has not been granted those access rights. (0xc0000022)
[0630/114127.951:ERROR:exception_snapshot_win.cc(98)] thread ID 14704 not found in process
[0630/120410.488:ERROR:process_reader_win.cc(123)] NtOpenThread: {Access Denied} A process has requested access to an object, but has not been granted those access rights. (0xc0000022)
[0630/120410.488:ERROR:exception_snapshot_win.cc(98)] thread ID 11736 not found in process
[0630/120410.502:ERROR:process_reader_win.cc(123)] NtOpenThread: {Access Denied} A process has requested access to an object, but has not been granted those access rights. (0xc0000022)
[0630/120410.502:ERROR:exception_snapshot_win.cc(98)] thread ID 21884 not found in process
[0703/092836.566:ERROR:process_reader_win.cc(123)] NtOpenThread: {Access Denied} A process has requested access to an object, but has not been granted those access rights. (0xc0000022)
[0703/092836.567:ERROR:exception_snapshot_win.cc(98)] thread ID 25176 not found in process
[0703/092836.581:ERROR:process_reader_win.cc(123)] NtOpenThread: {Access Denied} A process has requested access to an object, but has not been granted those access rights. (0xc0000022)
[0703/092836.581:ERROR:exception_snapshot_win.cc(98)] thread ID 25008 not found in process
[0703/104742.618:ERROR:process_reader_win.cc(151)] SuspendThread: Access is denied. (0x5)
[0703/104742.619:ERROR:process_reader_win.cc(151)] SuspendThread: Access is denied. (0x5)
[0703/104742.618:ERROR:process_reader_win.cc(151)] SuspendThread: Access is denied. (0x5)
[0703/104742.619:ERROR:process_reader_win.cc(123)] NtOpenThread: {Access Denied} A process has requested access to an object, but has not been granted those access rights. (0xc0000022)
[0703/104742.619:ERROR:exception_snapshot_win.cc(98)] thread ID 24832 not found in process
[0703/104742.619:ERROR:process_reader_win.cc(151)] SuspendThread: Access is denied. (0x5)
[0703/104742.619:ERROR:process_reader_win.cc(151)] SuspendThread: Access is denied. (0x5)
[0703/104742.619:ERROR:process_reader_win.cc(123)] NtOpenThread: {Access Denied} A process has requested access to an object, but has not been granted those access rights. (0xc0000022)
[0703/104742.620:ERROR:exception_snapshot_win.cc(98)] thread ID 18808 not found in process
[0703/104742.636:ERROR:process_reader_win.cc(123)] NtOpenThread: {Access Denied} A process has requested access to an object, but has not been granted those access rights. (0xc0000022)
[0703/104742.636:ERROR:exception_snapshot_win.cc(98)] thread ID 23480 not found in process
[0703/104742.639:ERROR:process_reader_win.cc(123)] NtOpenThread: {Access Denied} A process has requested access to an object, but has not been granted those access rights. (0xc0000022)
[0703/104742.639:ERROR:exception_snapshot_win.cc(98)] thread ID 19388 not found in process
[0704/115457.037:ERROR:process_reader_win.cc(123)] NtOpenThread: {Access Denied} A process has requested access to an object, but has not been granted those access rights. (0xc0000022)
[0704/115457.039:ERROR:exception_snapshot_win.cc(98)] thread ID 24912 not found in process
[0704/115457.061:ERROR:process_reader_win.cc(123)] NtOpenThread: {Access Denied} A process has requested access to an object, but has not been granted those access rights. (0xc0000022)
[0704/115457.061:ERROR:exception_snapshot_win.cc(98)] thread ID 24016 not found in process
[0706/192553.404:ERROR:process_reader_win.cc(151)] SuspendThread: Access is denied. (0x5)
[0706/192553.405:ERROR:process_reader_win.cc(151)] SuspendThread: Access is denied. (0x5)
[0706/192553.405:ERROR:process_reader_win.cc(123)] NtOpenThread: {Access Denied} A process has requested access to an object, but has not been granted those access rights. (0xc0000022)
[0706/192553.405:ERROR:exception_snapshot_win.cc(98)] thread ID 24784 not found in process
[0706/192553.419:ERROR:process_reader_win.cc(123)] NtOpenThread: {Access Denied} A process has requested access to an object, but has not been granted those access rights. (0xc0000022)
[0706/192553.419:ERROR:exception_snapshot_win.cc(98)] thread ID 27400 not found in process
[0707/095520.919:ERROR:process_reader_win.cc(123)] NtOpenThread: {Access Denied} A process has requested access to an object, but has not been granted those access rights. (0xc0000022)
[0707/095520.919:ERROR:exception_snapshot_win.cc(98)] thread ID 1552 not found in process
[0707/095520.926:ERROR:process_reader_win.cc(123)] NtOpenThread: {Access Denied} A process has requested access to an object, but has not been granted those access rights. (0xc0000022)
[0707/095520.926:ERROR:exception_snapshot_win.cc(98)] thread ID 13088 not found in process
[0707/132953.340:ERROR:process_reader_win.cc(123)] NtOpenThread: {Access Denied} A process has requested access to an object, but has not been granted those access rights. (0xc0000022)
[0707/132953.340:ERROR:exception_snapshot_win.cc(98)] thread ID 5772 not found in process
[0707/132953.346:ERROR:process_reader_win.cc(123)] NtOpenThread: {Access Denied} A process has requested access to an object, but has not been granted those access rights. (0xc0000022)
[0707/132953.346:ERROR:exception_snapshot_win.cc(98)] thread ID 4412 not found in process
[0707/133105.691:ERROR:process_reader_win.cc(123)] NtOpenThread: {Access Denied} A process has requested access to an object, but has not been granted those access rights. (0xc0000022)
[0707/133105.691:ERROR:exception_snapshot_win.cc(98)] thread ID 5916 not found in process
[0707/133105.707:ERROR:process_reader_win.cc(123)] NtOpenThread: {Access Denied} A process has requested access to an object, but has not been granted those access rights. (0xc0000022)
[0707/133105.707:ERROR:exception_snapshot_win.cc(98)] thread ID 12056 not found in process
[0709/093746.391:ERROR:process_reader_win.cc(151)] SuspendThread: Access is denied. (0x5)
[0709/093746.392:ERROR:process_reader_win.cc(123)] NtOpenThread: {Access Denied} A process has requested access to an object, but has not been granted those access rights. (0xc0000022)
[0709/093746.392:ERROR:exception_snapshot_win.cc(98)] thread ID 50792 not found in process
[0709/093746.404:ERROR:process_reader_win.cc(151)] SuspendThread: Access is denied. (0x5)
[0709/093746.405:ERROR:process_reader_win.cc(151)] SuspendThread: Access is denied. (0x5)
[0709/093746.405:ERROR:process_reader_win.cc(123)] NtOpenThread: {Access Denied} A process has requested access to an object, but has not been granted those access rights. (0xc0000022)
[0709/093746.405:ERROR:exception_snapshot_win.cc(98)] thread ID 47172 not found in process
[0709/093746.409:ERROR:process_reader_win.cc(151)] SuspendThread: Access is denied. (0x5)
[0709/093746.409:ERROR:process_reader_win.cc(151)] SuspendThread: Access is denied. (0x5)
[0709/093746.409:ERROR:process_reader_win.cc(151)] SuspendThread: Access is denied. (0x5)
[0709/093746.409:ERROR:process_reader_win.cc(151)] SuspendThread: Access is denied. (0x5)
[0709/093746.409:ERROR:process_reader_win.cc(151)] SuspendThread: Access is denied. (0x5)
[0709/093746.410:ERROR:process_reader_win.cc(123)] NtOpenThread: {Access Denied} A process has requested access to an object, but has not been granted those access rights. (0xc0000022)
[0709/093746.410:ERROR:exception_snapshot_win.cc(98)] thread ID 44468 not found in process
[0709/093746.410:ERROR:process_reader_win.cc(151)] SuspendThread: Access is denied. (0x5)
[0709/093746.411:ERROR:process_reader_win.cc(123)] NtOpenThread: {Access Denied} A process has requested access to an object, but has not been granted those access rights. (0xc0000022)
[0709/093746.411:ERROR:exception_snapshot_win.cc(98)] thread ID 14880 not found in process
[0709/093746.414:ERROR:process_reader_win.cc(151)] SuspendThread: Access is denied. (0x5)
[0709/093746.414:ERROR:process_reader_win.cc(151)] SuspendThread: Access is denied. (0x5)
[0709/093746.414:ERROR:process_reader_win.cc(123)] NtOpenThread: {Access Denied} A process has requested access to an object, but has not been granted those access rights. (0xc0000022)
[0709/093746.414:ERROR:exception_snapshot_win.cc(98)] thread ID 50804 not found in process
[0709/093746.429:ERROR:process_reader_win.cc(123)] NtOpenThread: {Access Denied} A process has requested access to an object, but has not been granted those access rights. (0xc0000022)
[0709/093746.429:ERROR:exception_snapshot_win.cc(98)] thread ID 50796 not found in process
[0709/094229.078:ERROR:process_reader_win.cc(123)] NtOpenThread: {Access Denied} A process has requested access to an object, but has not been granted those access rights. (0xc0000022)
[0709/094229.079:ERROR:exception_snapshot_win.cc(98)] thread ID 45068 not found in process
[0709/094229.100:ERROR:process_reader_win.cc(123)] NtOpenThread: {Access Denied} A process has requested access to an object, but has not been granted those access rights. (0xc0000022)
[0709/094229.100:ERROR:exception_snapshot_win.cc(98)] thread ID 48088 not found in process
[0709/094656.534:ERROR:process_reader_win.cc(123)] NtOpenThread: {Access Denied} A process has requested access to an object, but has not been granted those access rights. (0xc0000022)
[0709/094656.549:ERROR:exception_snapshot_win.cc(98)] thread ID 49800 not found in process
[0709/094656.565:ERROR:process_reader_win.cc(123)] NtOpenThread: {Access Denied} A process has requested access to an object, but has not been granted those access rights. (0xc0000022)
[0709/094656.565:ERROR:exception_snapshot_win.cc(98)] thread ID 13460 not found in process
[0710/104004.768:ERROR:process_reader_win.cc(151)] SuspendThread: Access is denied. (0x5)
[0710/104004.768:ERROR:process_reader_win.cc(123)] NtOpenThread: {Access Denied} A process has requested access to an object, but has not been granted those access rights. (0xc0000022)
[0710/104004.768:ERROR:exception_snapshot_win.cc(98)] thread ID 23352 not found in process
[0710/104004.790:ERROR:process_reader_win.cc(123)] NtOpenThread: {Access Denied} A process has requested access to an object, but has not been granted those access rights. (0xc0000022)
[0710/104004.790:ERROR:exception_snapshot_win.cc(98)] thread ID 33136 not found in process
[0711/101358.742:ERROR:process_reader_win.cc(123)] NtOpenThread: {Access Denied} A process has requested access to an object, but has not been granted those access rights. (0xc0000022)
[0711/101358.742:ERROR:exception_snapshot_win.cc(98)] thread ID 39700 not found in process
[0711/101358.742:ERROR:process_reader_win.cc(151)] SuspendThread: Access is denied. (0x5)
[0711/101358.758:ERROR:process_reader_win.cc(151)] SuspendThread: Access is denied. (0x5)
[0711/101358.758:ERROR:process_reader_win.cc(151)] SuspendThread: Access is denied. (0x5)
[0711/101358.758:ERROR:process_reader_win.cc(123)] NtOpenThread: {Access Denied} A process has requested access to an object, but has not been granted those access rights. (0xc0000022)
[0711/101358.758:ERROR:exception_snapshot_win.cc(98)] thread ID 37476 not found in process
[0711/101358.758:ERROR:process_reader_win.cc(151)] SuspendThread: Access is denied. (0x5)
[0711/101358.758:ERROR:process_reader_win.cc(151)] SuspendThread: Access is denied. (0x5)
[0711/101358.758:ERROR:process_reader_win.cc(151)] SuspendThread: Access is denied. (0x5)
[0711/101358.758:ERROR:process_reader_win.cc(151)] SuspendThread: Access is denied. (0x5)
[0711/101358.758:ERROR:process_reader_win.cc(151)] SuspendThread: Access is denied. (0x5)
[0711/101358.758:ERROR:process_reader_win.cc(123)] NtOpenThread: {Access Denied} A process has requested access to an object, but has not been granted those access rights. (0xc0000022)
[0711/101358.758:ERROR:process_reader_win.cc(123)] NtOpenThread: {Access Denied} A process has requested access to an object, but has not been granted those access rights. (0xc0000022)
[0711/101358.758:ERROR:exception_snapshot_win.cc(98)] thread ID 7400 not found in process
[0711/101358.758:ERROR:exception_snapshot_win.cc(98)] thread ID 17708 not found in process
[0711/101615.739:ERROR:process_reader_win.cc(123)] NtOpenThread: {Access Denied} A process has requested access to an object, but has not been granted those access rights. (0xc0000022)
[0711/101615.740:ERROR:exception_snapshot_win.cc(98)] thread ID 30176 not found in process
[0711/101615.763:ERROR:process_reader_win.cc(123)] NtOpenThread: {Access Denied} A process has requested access to an object, but has not been granted those access rights. (0xc0000022)
[0711/101615.763:ERROR:exception_snapshot_win.cc(98)] thread ID 37164 not found in process
[0711/101802.482:ERROR:process_reader_win.cc(123)] NtOpenThread: {Access Denied} A process has requested access to an object, but has not been granted those access rights. (0xc0000022)
[0711/101802.482:ERROR:exception_snapshot_win.cc(98)] thread ID 40356 not found in process
[0711/101802.504:ERROR:process_reader_win.cc(123)] NtOpenThread: {Access Denied} A process has requested access to an object, but has not been granted those access rights. (0xc0000022)
[0711/101802.504:ERROR:exception_snapshot_win.cc(98)] thread ID 30940 not found in process
[0711/122732.254:ERROR:process_reader_win.cc(151)] SuspendThread: Access is denied. (0x5)
[0711/122732.254:ERROR:process_reader_win.cc(151)] SuspendThread: Access is denied. (0x5)
[0711/122732.255:ERROR:process_reader_win.cc(123)] NtOpenThread: {Access Denied} A process has requested access to an object, but has not been granted those access rights. (0xc0000022)
[0711/122732.255:ERROR:exception_snapshot_win.cc(98)] thread ID 23792 not found in process
[0711/122732.255:ERROR:process_reader_win.cc(123)] NtOpenThread: {Access Denied} A process has requested access to an object, but has not been granted those access rights. (0xc0000022)
[0711/122732.255:ERROR:exception_snapshot_win.cc(98)] thread ID 35012 not found in process
[0711/122732.266:ERROR:process_reader_win.cc(151)] SuspendThread: Access is denied. (0x5)
[0711/122732.267:ERROR:process_reader_win.cc(151)] SuspendThread: Access is denied. (0x5)
[0711/122732.267:ERROR:process_reader_win.cc(151)] SuspendThread: Access is denied. (0x5)
[0711/122732.267:ERROR:process_reader_win.cc(151)] SuspendThread: Access is denied. (0x5)
[0711/122732.267:ERROR:process_reader_win.cc(151)] SuspendThread: Access is denied. (0x5)
[0711/122732.267:ERROR:process_reader_win.cc(151)] SuspendThread: Access is denied. (0x5)
[0711/122732.267:ERROR:process_reader_win.cc(151)] SuspendThread: Access is denied. (0x5)
[0711/122732.267:ERROR:process_reader_win.cc(151)] SuspendThread: Access is denied. (0x5)
[0711/122732.267:ERROR:process_reader_win.cc(151)] SuspendThread: Access is denied. (0x5)
[0711/122732.267:ERROR:process_reader_win.cc(151)] SuspendThread: Access is denied. (0x5)
[0711/122732.267:ERROR:process_reader_win.cc(151)] SuspendThread: Access is denied. (0x5)
[0711/122732.267:ERROR:process_reader_win.cc(151)] SuspendThread: Access is denied. (0x5)
[0711/122732.267:ERROR:process_reader_win.cc(151)] SuspendThread: Access is denied. (0x5)
[0711/122732.267:ERROR:process_reader_win.cc(151)] SuspendThread: Access is denied. (0x5)
[0711/122732.267:ERROR:process_reader_win.cc(151)] SuspendThread: Access is denied. (0x5)
[0711/122732.267:ERROR:process_reader_win.cc(151)] SuspendThread: Access is denied. (0x5)
[0711/122732.267:ERROR:process_reader_win.cc(151)] SuspendThread: Access is denied. (0x5)
[0711/122732.267:ERROR:process_reader_win.cc(151)] SuspendThread: Access is denied. (0x5)
[0711/122732.267:ERROR:process_reader_win.cc(151)] SuspendThread: Access is denied. (0x5)
[0711/122732.267:ERROR:process_reader_win.cc(151)] SuspendThread: Access is denied. (0x5)
[0711/122732.267:ERROR:process_reader_win.cc(151)] SuspendThread: Access is denied. (0x5)
[0711/122732.267:ERROR:process_reader_win.cc(151)] SuspendThread: Access is denied. (0x5)
[0711/122732.267:ERROR:process_reader_win.cc(151)] SuspendThread: Access is denied. (0x5)
[0711/122732.267:ERROR:process_reader_win.cc(151)] SuspendThread: Access is denied. (0x5)
[0711/122732.267:ERROR:process_reader_win.cc(151)] SuspendThread: Access is denied. (0x5)
[0711/122732.267:ERROR:process_reader_win.cc(151)] SuspendThread: Access is denied. (0x5)
[0711/122732.267:ERROR:process_reader_win.cc(151)] SuspendThread: Access is denied. (0x5)
[0711/122732.267:ERROR:process_reader_win.cc(123)] NtOpenThread: {Access Denied} A process has requested access to an object, but has not been granted those access rights. (0xc0000022)
[0711/122732.268:ERROR:exception_snapshot_win.cc(98)] thread ID 44328 not found in process
[0711/122732.272:ERROR:process_reader_win.cc(151)] SuspendThread: Access is denied. (0x5)
[0711/122732.272:ERROR:process_reader_win.cc(151)] SuspendThread: Access is denied. (0x5)
[0711/122732.272:ERROR:process_reader_win.cc(151)] SuspendThread: Access is denied. (0x5)
[0711/122732.272:ERROR:process_reader_win.cc(151)] SuspendThread: Access is denied. (0x5)
[0711/122732.272:ERROR:process_reader_win.cc(151)] SuspendThread: Access is denied. (0x5)
[0711/122732.272:ERROR:process_reader_win.cc(151)] SuspendThread: Access is denied. (0x5)
[0711/122732.272:ERROR:process_reader_win.cc(151)] SuspendThread: Access is denied. (0x5)
[0711/122732.272:ERROR:process_reader_win.cc(151)] SuspendThread: Access is denied. (0x5)
[0711/122732.272:ERROR:process_reader_win.cc(151)] SuspendThread: Access is denied. (0x5)
[0711/122732.272:ERROR:process_reader_win.cc(151)] SuspendThread: Access is denied. (0x5)
[0711/122732.272:ERROR:process_reader_win.cc(151)] SuspendThread: Access is denied. (0x5)
[0711/122732.272:ERROR:process_reader_win.cc(151)] SuspendThread: Access is denied. (0x5)
[0711/122732.272:ERROR:process_reader_win.cc(151)] SuspendThread: Access is denied. (0x5)
[0711/122732.279:ERROR:process_reader_win.cc(151)] SuspendThread: Access is denied. (0x5)
[0711/122732.279:ERROR:process_reader_win.cc(151)] SuspendThread: Access is denied. (0x5)
[0711/122732.279:ERROR:process_reader_win.cc(123)] NtOpenThread: {Access Denied} A process has requested access to an object, but has not been granted those access rights. (0xc0000022)
[0711/122732.279:ERROR:exception_snapshot_win.cc(98)] thread ID 18292 not found in process
[0711/122732.279:ERROR:process_reader_win.cc(151)] SuspendThread: Access is denied. (0x5)
[0711/122732.280:ERROR:process_reader_win.cc(151)] SuspendThread: Access is denied. (0x5)
[0711/122732.280:ERROR:process_reader_win.cc(151)] SuspendThread: Access is denied. (0x5)
[0711/122732.280:ERROR:process_reader_win.cc(123)] NtOpenThread: {Access Denied} A process has requested access to an object, but has not been granted those access rights. (0xc0000022)
[0711/122732.280:ERROR:exception_snapshot_win.cc(98)] thread ID 24124 not found in process
[0711/122732.288:ERROR:process_reader_win.cc(151)] SuspendThread: Access is denied. (0x5)
[0711/122732.288:ERROR:process_reader_win.cc(151)] SuspendThread: Access is denied. (0x5)
[0711/122732.289:ERROR:process_reader_win.cc(151)] SuspendThread: Access is denied. (0x5)
[0711/122732.289:ERROR:process_reader_win.cc(123)] NtOpenThread: {Access Denied} A process has requested access to an object, but has not been granted those access rights. (0xc0000022)
[0711/122732.289:ERROR:exception_snapshot_win.cc(98)] thread ID 27844 not found in process
[0711/122732.297:ERROR:process_reader_win.cc(151)] SuspendThread: Access is denied. (0x5)
[0711/122732.298:ERROR:process_reader_win.cc(151)] SuspendThread: Access is denied. (0x5)
[0711/122732.298:ERROR:process_reader_win.cc(151)] SuspendThread: Access is denied. (0x5)
[0711/122732.298:ERROR:process_reader_win.cc(151)] SuspendThread: Access is denied. (0x5)
[0711/122732.298:ERROR:process_reader_win.cc(123)] NtOpenThread: {Access Denied} A process has requested access to an object, but has not been granted those access rights. (0xc0000022)
[0711/122732.298:ERROR:exception_snapshot_win.cc(98)] thread ID 47660 not found in process
[0711/122732.300:ERROR:process_reader_win.cc(151)] SuspendThread: Access is denied. (0x5)
[0711/122732.301:ERROR:process_reader_win.cc(151)] SuspendThread: Access is denied. (0x5)
[0711/122732.301:ERROR:process_reader_win.cc(151)] SuspendThread: Access is denied. (0x5)
[0711/122732.301:ERROR:process_reader_win.cc(151)] SuspendThread: Access is denied. (0x5)
[0711/122732.301:ERROR:process_reader_win.cc(123)] NtOpenThread: {Access Denied} A process has requested access to an object, but has not been granted those access rights. (0xc0000022)
[0711/122732.301:ERROR:exception_snapshot_win.cc(98)] thread ID 23672 not found in process
[0711/122732.309:ERROR:process_reader_win.cc(151)] SuspendThread: Access is denied. (0x5)
[0711/122732.309:ERROR:process_reader_win.cc(123)] NtOpenThread: {Access Denied} A process has requested access to an object, but has not been granted those access rights. (0xc0000022)
[0711/122732.309:ERROR:exception_snapshot_win.cc(98)] thread ID 47508 not found in process
[0711/122732.311:ERROR:process_reader_win.cc(151)] SuspendThread: Access is denied. (0x5)
[0711/122732.311:ERROR:process_reader_win.cc(123)] NtOpenThread: {Access Denied} A process has requested access to an object, but has not been granted those access rights. (0xc0000022)
[0711/122732.311:ERROR:exception_snapshot_win.cc(98)] thread ID 37104 not found in process
[0711/134700.831:ERROR:process_reader_win.cc(151)] SuspendThread: Access is denied. (0x5)
[0711/134700.831:ERROR:process_reader_win.cc(151)] SuspendThread: Access is denied. (0x5)
[0711/134700.831:ERROR:process_reader_win.cc(151)] SuspendThread: Access is denied. (0x5)
[0711/134700.831:ERROR:process_reader_win.cc(151)] SuspendThread: Access is denied. (0x5)
[0711/134700.831:ERROR:process_reader_win.cc(151)] SuspendThread: Access is denied. (0x5)
[0711/134700.831:ERROR:process_reader_win.cc(123)] NtOpenThread: {Access Denied} A process has requested access to an object, but has not been granted those access rights. (0xc0000022)
[0711/134700.831:ERROR:exception_snapshot_win.cc(98)] thread ID 1620 not found in process
[0711/134700.831:ERROR:process_reader_win.cc(151)] SuspendThread: Access is denied. (0x5)
[0711/134700.831:ERROR:process_reader_win.cc(151)] SuspendThread: Access is denied. (0x5)
[0711/134700.831:ERROR:process_reader_win.cc(151)] SuspendThread: Access is denied. (0x5)
[0711/134700.831:ERROR:process_reader_win.cc(123)] NtOpenThread: {Access Denied} A process has requested access to an object, but has not been granted those access rights. (0xc0000022)
[0711/134700.831:ERROR:exception_snapshot_win.cc(98)] thread ID 7692 not found in process
[0711/134700.831:ERROR:process_reader_win.cc(151)] SuspendThread: Access is denied. (0x5)
[0711/134700.831:ERROR:process_reader_win.cc(151)] SuspendThread: Access is denied. (0x5)
[0711/134700.831:ERROR:process_reader_win.cc(151)] SuspendThread: Access is denied. (0x5)
[0711/134700.831:ERROR:process_reader_win.cc(151)] SuspendThread: Access is denied. (0x5)
[0711/134700.831:ERROR:process_reader_win.cc(151)] SuspendThread: Access is denied. (0x5)
[0711/134700.831:ERROR:process_reader_win.cc(151)] SuspendThread: Access is denied. (0x5)
[0711/134700.831:ERROR:process_reader_win.cc(151)] SuspendThread: Access is denied. (0x5)
[0711/134700.831:ERROR:process_reader_win.cc(151)] SuspendThread: Access is denied. (0x5)
[0711/134700.831:ERROR:process_reader_win.cc(151)] SuspendThread: Access is denied. (0x5)
[0711/134700.831:ERROR:process_reader_win.cc(123)] NtOpenThread: {Access Denied} A process has requested access to an object, but has not been granted those access rights. (0xc0000022)
[0711/134700.831:ERROR:exception_snapshot_win.cc(98)] thread ID 15076 not found in process
[0711/134700.831:ERROR:process_reader_win.cc(151)] SuspendThread: Access is denied. (0x5)
[0711/134700.831:ERROR:process_reader_win.cc(151)] SuspendThread: Access is denied. (0x5)
[0711/134700.831:ERROR:process_reader_win.cc(151)] SuspendThread: Access is denied. (0x5)
[0711/134700.831:ERROR:process_reader_win.cc(151)] SuspendThread: Access is denied. (0x5)
[0711/134700.831:ERROR:process_reader_win.cc(123)] NtOpenThread: {Access Denied} A process has requested access to an object, but has not been granted those access rights. (0xc0000022)
[0711/134700.831:ERROR:exception_snapshot_win.cc(98)] thread ID 47388 not found in process
[0711/134700.831:ERROR:process_reader_win.cc(151)] SuspendThread: Access is denied. (0x5)
[0711/134700.831:ERROR:process_reader_win.cc(123)] NtOpenThread: {Access Denied} A process has requested access to an object, but has not been granted those access rights. (0xc0000022)
[0711/134700.831:ERROR:exception_snapshot_win.cc(98)] thread ID 12748 not found in process
[0711/134700.831:ERROR:process_reader_win.cc(151)] SuspendThread: Access is denied. (0x5)
[0711/134700.847:ERROR:process_reader_win.cc(123)] NtOpenThread: {Access Denied} A process has requested access to an object, but has not been granted those access rights. (0xc0000022)
[0711/134700.847:ERROR:exception_snapshot_win.cc(98)] thread ID 42052 not found in process
[0711/134700.847:ERROR:process_reader_win.cc(151)] SuspendThread: Access is denied. (0x5)
[0711/134700.847:ERROR:process_reader_win.cc(123)] NtOpenThread: {Access Denied} A process has requested access to an object, but has not been granted those access rights. (0xc0000022)
[0711/134700.847:ERROR:exception_snapshot_win.cc(98)] thread ID 15100 not found in process
[0711/134700.847:ERROR:process_reader_win.cc(123)] NtOpenThread: {Access Denied} A process has requested access to an object, but has not been granted those access rights. (0xc0000022)
[0711/134700.847:ERROR:exception_snapshot_win.cc(98)] thread ID 31268 not found in process
[0711/135456.955:ERROR:process_reader_win.cc(123)] NtOpenThread: {Access Denied} A process has requested access to an object, but has not been granted those access rights. (0xc0000022)
[0711/135456.971:ERROR:exception_snapshot_win.cc(98)] thread ID 24540 not found in process
[0711/135456.971:ERROR:process_reader_win.cc(123)] NtOpenThread: {Access Denied} A process has requested access to an object, but has not been granted those access rights. (0xc0000022)
[0711/135456.971:ERROR:exception_snapshot_win.cc(98)] thread ID 41584 not found in process
[0711/135510.169:ERROR:process_reader_win.cc(123)] NtOpenThread: {Access Denied} A process has requested access to an object, but has not been granted those access rights. (0xc0000022)
[0711/135510.169:ERROR:exception_snapshot_win.cc(98)] thread ID 32844 not found in process
[0711/135510.169:ERROR:process_reader_win.cc(123)] NtOpenThread: {Access Denied} A process has requested access to an object, but has not been granted those access rights. (0xc0000022)
[0711/135510.169:ERROR:exception_snapshot_win.cc(98)] thread ID 18440 not found in process
[0711/135521.114:ERROR:process_reader_win.cc(123)] NtOpenThread: {Access Denied} A process has requested access to an object, but has not been granted those access rights. (0xc0000022)
[0711/135521.114:ERROR:exception_snapshot_win.cc(98)] thread ID 22416 not found in process
[0711/135741.058:ERROR:process_reader_win.cc(151)] SuspendThread: Access is denied. (0x5)
[0711/135741.058:ERROR:process_reader_win.cc(123)] NtOpenThread: {Access Denied} A process has requested access to an object, but has not been granted those access rights. (0xc0000022)
[0711/135741.058:ERROR:exception_snapshot_win.cc(98)] thread ID 41548 not found in process
[0711/135741.060:ERROR:process_reader_win.cc(123)] NtOpenThread: {Access Denied} A process has requested access to an object, but has not been granted those access rights. (0xc0000022)
[0711/135741.060:ERROR:exception_snapshot_win.cc(98)] thread ID 27368 not found in process
[0711/135913.533:ERROR:process_reader_win.cc(123)] NtOpenThread: {Access Denied} A process has requested access to an object, but has not been granted those access rights. (0xc0000022)
[0711/135913.533:ERROR:exception_snapshot_win.cc(98)] thread ID 24332 not found in process
[0711/135913.549:ERROR:process_reader_win.cc(123)] NtOpenThread: {Access Denied} A process has requested access to an object, but has not been granted those access rights. (0xc0000022)
[0711/135913.549:ERROR:exception_snapshot_win.cc(98)] thread ID 11564 not found in process
[0714/120825.448:ERROR:process_reader_win.cc(151)] SuspendThread: Access is denied. (0x5)
[0714/120825.448:ERROR:process_reader_win.cc(151)] SuspendThread: Access is denied. (0x5)
[0714/120825.449:ERROR:process_reader_win.cc(151)] SuspendThread: Access is denied. (0x5)
[0714/120825.449:ERROR:process_reader_win.cc(151)] SuspendThread: Access is denied. (0x5)
[0714/120825.449:ERROR:process_reader_win.cc(151)] SuspendThread: Access is denied. (0x5)
[0714/120825.449:ERROR:process_reader_win.cc(151)] SuspendThread: Access is denied. (0x5)
[0714/120825.449:ERROR:process_reader_win.cc(151)] SuspendThread: Access is denied. (0x5)
[0714/120825.449:ERROR:process_reader_win.cc(151)] SuspendThread: Access is denied. (0x5)
[0714/120825.449:ERROR:process_reader_win.cc(123)] NtOpenThread: {Access Denied} A process has requested access to an object, but has not been granted those access rights. (0xc0000022)
[0714/120825.449:ERROR:process_reader_win.cc(123)] NtOpenThread: {Access Denied} A process has requested access to an object, but has not been granted those access rights. (0xc0000022)
[0714/120825.450:ERROR:exception_snapshot_win.cc(98)] thread ID 14032 not found in process
[0714/120825.450:ERROR:exception_snapshot_win.cc(98)] thread ID 8128 not found in process
[0714/120825.459:ERROR:process_reader_win.cc(123)] NtOpenThread: {Access Denied} A process has requested access to an object, but has not been granted those access rights. (0xc0000022)
[0714/120825.460:ERROR:exception_snapshot_win.cc(98)] thread ID 11848 not found in process
[0714/120825.463:ERROR:process_reader_win.cc(123)] NtOpenThread: {Access Denied} A process has requested access to an object, but has not been granted those access rights. (0xc0000022)
[0714/120825.463:ERROR:exception_snapshot_win.cc(98)] thread ID 11448 not found in process
[0717/102611.606:ERROR:process_reader_win.cc(123)] NtOpenThread: {Access Denied} A process has requested access to an object, but has not been granted those access rights. (0xc0000022)
[0717/102611.608:ERROR:exception_snapshot_win.cc(98)] thread ID 11592 not found in process
[0717/102611.611:ERROR:process_reader_win.cc(123)] NtOpenThread: {Access Denied} A process has requested access to an object, but has not been granted those access rights. (0xc0000022)
[0717/102611.612:ERROR:exception_snapshot_win.cc(98)] thread ID 10724 not found in process
[0717/102611.612:ERROR:process_reader_win.cc(123)] NtOpenThread: {Access Denied} A process has requested access to an object, but has not been granted those access rights. (0xc0000022)
[0717/102611.612:ERROR:exception_snapshot_win.cc(98)] thread ID 4524 not found in process
[0717/102611.620:ERROR:process_reader_win.cc(123)] NtOpenThread: {Access Denied} A process has requested access to an object, but has not been granted those access rights. (0xc0000022)
[0717/102611.620:ERROR:exception_snapshot_win.cc(98)] thread ID 9240 not found in process
[0717/102637.869:ERROR:process_reader_win.cc(151)] SuspendThread: Access is denied. (0x5)
[0717/102637.870:ERROR:process_reader_win.cc(123)] NtOpenThread: {Access Denied} A process has requested access to an object, but has not been granted those access rights. (0xc0000022)
[0717/102637.870:ERROR:exception_snapshot_win.cc(98)] thread ID 1720 not found in process
[0717/102637.881:ERROR:process_reader_win.cc(123)] NtOpenThread: {Access Denied} A process has requested access to an object, but has not been granted those access rights. (0xc0000022)
[0717/102637.881:ERROR:exception_snapshot_win.cc(98)] thread ID 6012 not found in process
[0717/102637.891:ERROR:process_reader_win.cc(123)] NtOpenThread: {Access Denied} A process has requested access to an object, but has not been granted those access rights. (0xc0000022)
[0717/102637.892:ERROR:exception_snapshot_win.cc(98)] thread ID 11532 not found in process
[0717/102923.934:ERROR:process_reader_win.cc(123)] NtOpenThread: {Access Denied} A process has requested access to an object, but has not been granted those access rights. (0xc0000022)
[0717/102923.935:ERROR:exception_snapshot_win.cc(98)] thread ID 9540 not found in process
[0717/102923.945:ERROR:process_reader_win.cc(123)] NtOpenThread: {Access Denied} A process has requested access to an object, but has not been granted those access rights. (0xc0000022)
[0717/102923.945:ERROR:exception_snapshot_win.cc(98)] thread ID 9648 not found in process
[0717/102923.952:ERROR:process_reader_win.cc(123)] NtOpenThread: {Access Denied} A process has requested access to an object, but has not been granted those access rights. (0xc0000022)
[0717/102923.952:ERROR:exception_snapshot_win.cc(98)] thread ID 7016 not found in process
[0717/113557.138:ERROR:process_reader_win.cc(123)] NtOpenThread: {Access Denied} A process has requested access to an object, but has not been granted those access rights. (0xc0000022)
[0717/113557.139:ERROR:exception_snapshot_win.cc(98)] thread ID 6688 not found in process
[0717/113557.143:ERROR:process_reader_win.cc(123)] NtOpenThread: {Access Denied} A process has requested access to an object, but has not been granted those access rights. (0xc0000022)
[0717/113557.143:ERROR:exception_snapshot_win.cc(98)] thread ID 7876 not found in process
[0721/133347.757:ERROR:process_reader_win.cc(123)] NtOpenThread: {Access Denied} A process has requested access to an object, but has not been granted those access rights. (0xc0000022)
[0721/133347.768:ERROR:exception_snapshot_win.cc(98)] thread ID 15772 not found in process
[0721/133347.769:ERROR:process_reader_win.cc(123)] NtOpenThread: {Access Denied} A process has requested access to an object, but has not been granted those access rights. (0xc0000022)
[0721/133347.769:ERROR:exception_snapshot_win.cc(98)] thread ID 10440 not found in process
[0721/140932.996:ERROR:process_reader_win.cc(123)] NtOpenThread: {Access Denied} A process has requested access to an object, but has not been granted those access rights. (0xc0000022)
[0721/140932.997:ERROR:exception_snapshot_win.cc(98)] thread ID 17892 not found in process
[0721/140933.012:ERROR:process_reader_win.cc(123)] NtOpenThread: {Access Denied} A process has requested access to an object, but has not been granted those access rights. (0xc0000022)
[0721/140933.012:ERROR:exception_snapshot_win.cc(98)] thread ID 8900 not found in process
[0721/140948.019:ERROR:process_reader_win.cc(123)] NtOpenThread: {Access Denied} A process has requested access to an object, but has not been granted those access rights. (0xc0000022)
[0721/140948.019:ERROR:exception_snapshot_win.cc(98)] thread ID 14244 not found in process
[0721/140948.100:ERROR:process_reader_win.cc(123)] NtOpenThread: {Access Denied} A process has requested access to an object, but has not been granted those access rights. (0xc0000022)
[0721/140948.100:ERROR:exception_snapshot_win.cc(98)] thread ID 13308 not found in process
[0726/130128.905:ERROR:process_reader_win.cc(123)] NtOpenThread: {Access Denied} A process has requested access to an object, but has not been granted those access rights. (0xc0000022)
[0726/130128.907:ERROR:exception_snapshot_win.cc(98)] thread ID 21572 not found in process
[0726/130128.938:ERROR:process_reader_win.cc(123)] NtOpenThread: {Access Denied} A process has requested access to an object, but has not been granted those access rights. (0xc0000022)
[0726/130128.939:ERROR:exception_snapshot_win.cc(98)] thread ID 18180 not found in process
[0726/130128.985:ERROR:process_reader_win.cc(123)] NtOpenThread: {Access Denied} A process has requested access to an object, but has not been granted those access rights. (0xc0000022)
[0726/130128.986:ERROR:exception_snapshot_win.cc(98)] thread ID 16772 not found in process
[0726/130129.024:ERROR:process_reader_win.cc(123)] NtOpenThread: {Access Denied} A process has requested access to an object, but has not been granted those access rights. (0xc0000022)
[0726/130129.025:ERROR:exception_snapshot_win.cc(98)] thread ID 17236 not found in process
[0726/130129.066:ERROR:process_reader_win.cc(123)] NtOpenThread: {Access Denied} A process has requested access to an object, but has not been granted those access rights. (0xc0000022)
[0726/130129.066:ERROR:exception_snapshot_win.cc(98)] thread ID 18360 not found in process
[0726/130129.097:ERROR:process_reader_win.cc(123)] NtOpenThread: {Access Denied} A process has requested access to an object, but has not been granted those access rights. (0xc0000022)
[0726/130129.097:ERROR:exception_snapshot_win.cc(98)] thread ID 23448 not found in process
[0726/130129.141:ERROR:process_reader_win.cc(123)] NtOpenThread: {Access Denied} A process has requested access to an object, but has not been granted those access rights. (0xc0000022)
[0726/130129.142:ERROR:exception_snapshot_win.cc(98)] thread ID 21148 not found in process
[0726/130129.178:ERROR:process_reader_win.cc(123)] NtOpenThread: {Access Denied} A process has requested access to an object, but has not been granted those access rights. (0xc0000022)
[0726/130129.178:ERROR:exception_snapshot_win.cc(98)] thread ID 6752 not found in process
[0726/130129.225:ERROR:process_reader_win.cc(123)] NtOpenThread: {Access Denied} A process has requested access to an object, but has not been granted those access rights. (0xc0000022)
[0726/130129.227:ERROR:exception_snapshot_win.cc(98)] thread ID 24404 not found in process
[0726/130129.258:ERROR:process_reader_win.cc(123)] NtOpenThread: {Access Denied} A process has requested access to an object, but has not been granted those access rights. (0xc0000022)
[0726/130129.258:ERROR:exception_snapshot_win.cc(98)] thread ID 22964 not found in process
[0726/130129.746:ERROR:process_reader_win.cc(123)] NtOpenThread: {Access Denied} A process has requested access to an object, but has not been granted those access rights. (0xc0000022)
[0726/130129.747:ERROR:exception_snapshot_win.cc(98)] thread ID 19328 not found in process
[0726/130129.802:ERROR:process_reader_win.cc(123)] NtOpenThread: {Access Denied} A process has requested access to an object, but has not been granted those access rights. (0xc0000022)
[0726/130129.802:ERROR:exception_snapshot_win.cc(98)] thread ID 20128 not found in process
[0726/141759.087:ERROR:process_reader_win.cc(151)] SuspendThread: Access is denied. (0x5)
[0726/141759.088:ERROR:process_reader_win.cc(151)] SuspendThread: Access is denied. (0x5)
[0726/141759.088:ERROR:process_reader_win.cc(151)] SuspendThread: Access is denied. (0x5)
[0726/141759.088:ERROR:process_reader_win.cc(151)] SuspendThread: Access is denied. (0x5)
[0726/141759.088:ERROR:process_reader_win.cc(123)] NtOpenThread: {Access Denied} A process has requested access to an object, but has not been granted those access rights. (0xc0000022)
[0726/141759.088:ERROR:exception_snapshot_win.cc(98)] thread ID 19868 not found in process
[0726/141759.088:ERROR:process_reader_win.cc(151)] SuspendThread: Access is denied. (0x5)
[0726/141759.089:ERROR:process_reader_win.cc(151)] SuspendThread: Access is denied. (0x5)
[0726/141759.089:ERROR:process_reader_win.cc(151)] SuspendThread: Access is denied. (0x5)
[0726/141759.089:ERROR:process_reader_win.cc(151)] SuspendThread: Access is denied. (0x5)
[0726/141759.089:ERROR:process_reader_win.cc(151)] SuspendThread: Access is denied. (0x5)
[0726/141759.089:ERROR:process_reader_win.cc(123)] NtOpenThread: {Access Denied} A process has requested access to an object, but has not been granted those access rights. (0xc0000022)
[0726/141759.090:ERROR:exception_snapshot_win.cc(98)] thread ID 8944 not found in process
[0726/141759.098:ERROR:process_reader_win.cc(151)] SuspendThread: Access is denied. (0x5)
[0726/141759.098:ERROR:process_reader_win.cc(123)] NtOpenThread: {Access Denied} A process has requested access to an object, but has not been granted those access rights. (0xc0000022)
[0726/141759.098:ERROR:exception_snapshot_win.cc(98)] thread ID 21772 not found in process
[0726/141759.100:ERROR:process_reader_win.cc(151)] SuspendThread: Access is denied. (0x5)
[0726/141759.100:ERROR:process_reader_win.cc(123)] NtOpenThread: {Access Denied} A process has requested access to an object, but has not been granted those access rights. (0xc0000022)
[0726/141759.100:ERROR:exception_snapshot_win.cc(98)] thread ID 19356 not found in process
[0726/141759.100:ERROR:process_reader_win.cc(151)] SuspendThread: Access is denied. (0x5)
[0726/141759.101:ERROR:process_reader_win.cc(123)] NtOpenThread: {Access Denied} A process has requested access to an object, but has not been granted those access rights. (0xc0000022)
[0726/141759.101:ERROR:exception_snapshot_win.cc(98)] thread ID 21032 not found in process
[0726/141759.107:ERROR:process_reader_win.cc(151)] SuspendThread: Access is denied. (0x5)
[0726/141759.108:ERROR:process_reader_win.cc(151)] SuspendThread: Access is denied. (0x5)
[0726/141759.108:ERROR:process_reader_win.cc(151)] SuspendThread: Access is denied. (0x5)
[0726/141759.108:ERROR:process_reader_win.cc(151)] SuspendThread: Access is denied. (0x5)
[0726/141759.108:ERROR:process_reader_win.cc(123)] NtOpenThread: {Access Denied} A process has requested access to an object, but has not been granted those access rights. (0xc0000022)
[0726/141759.108:ERROR:exception_snapshot_win.cc(98)] thread ID 18648 not found in process
[0726/141759.113:ERROR:process_reader_win.cc(123)] NtOpenThread: {Access Denied} A process has requested access to an object, but has not been granted those access rights. (0xc0000022)
[0726/141759.113:ERROR:exception_snapshot_win.cc(98)] thread ID 19492 not found in process
[0726/141759.117:ERROR:process_reader_win.cc(123)] NtOpenThread: {Access Denied} A process has requested access to an object, but has not been granted those access rights. (0xc0000022)
[0726/141759.117:ERROR:exception_snapshot_win.cc(98)] thread ID 17456 not found in process
[0726/142955.548:ERROR:process_reader_win.cc(123)] NtOpenThread: {Access Denied} A process has requested access to an object, but has not been granted those access rights. (0xc0000022)
[0726/142955.549:ERROR:exception_snapshot_win.cc(98)] thread ID 3108 not found in process
[0726/142955.563:ERROR:process_reader_win.cc(123)] NtOpenThread: {Access Denied} A process has requested access to an object, but has not been granted those access rights. (0xc0000022)
[0726/142955.563:ERROR:exception_snapshot_win.cc(98)] thread ID 24128 not found in process
[0726/143149.312:ERROR:process_reader_win.cc(123)] NtOpenThread: {Access Denied} A process has requested access to an object, but has not been granted those access rights. (0xc0000022)
[0726/143149.313:ERROR:exception_snapshot_win.cc(98)] thread ID 23392 not found in process
[0726/143149.318:ERROR:process_reader_win.cc(123)] NtOpenThread: {Access Denied} A process has requested access to an object, but has not been granted those access rights. (0xc0000022)
[0726/143149.318:ERROR:exception_snapshot_win.cc(98)] thread ID 22500 not found in process
[0727/125223.048:ERROR:process_reader_win.cc(151)] SuspendThread: Access is denied. (0x5)
[0727/125223.049:ERROR:process_reader_win.cc(123)] NtOpenThread: {Access Denied} A process has requested access to an object, but has not been granted those access rights. (0xc0000022)
[0727/125223.049:ERROR:exception_snapshot_win.cc(98)] thread ID 21584 not found in process
[0727/125223.061:ERROR:process_reader_win.cc(151)] SuspendThread: Access is denied. (0x5)
[0727/125223.061:ERROR:process_reader_win.cc(151)] SuspendThread: Access is denied. (0x5)
[0727/125223.061:ERROR:process_reader_win.cc(123)] NtOpenThread: {Access Denied} A process has requested access to an object, but has not been granted those access rights. (0xc0000022)
[0727/125223.061:ERROR:exception_snapshot_win.cc(98)] thread ID 21916 not found in process
[0727/125223.068:ERROR:process_reader_win.cc(123)] NtOpenThread: {Access Denied} A process has requested access to an object, but has not been granted those access rights. (0xc0000022)
[0727/125223.068:ERROR:exception_snapshot_win.cc(98)] thread ID 24256 not found in process
[0729/114912.609:ERROR:process_reader_win.cc(151)] SuspendThread: Access is denied. (0x5)
[0729/114912.612:ERROR:process_reader_win.cc(151)] SuspendThread: Access is denied. (0x5)
[0729/114912.612:ERROR:process_reader_win.cc(151)] SuspendThread: Access is denied. (0x5)
[0729/114912.612:ERROR:process_reader_win.cc(151)] SuspendThread: Access is denied. (0x5)
[0729/114912.612:ERROR:process_reader_win.cc(151)] SuspendThread: Access is denied. (0x5)
[0729/114912.613:ERROR:process_reader_win.cc(151)] SuspendThread: Access is denied. (0x5)
[0729/114912.613:ERROR:process_reader_win.cc(151)] SuspendThread: Access is denied. (0x5)
[0729/114912.613:ERROR:process_reader_win.cc(151)] SuspendThread: Access is denied. (0x5)
[0729/114912.613:ERROR:process_reader_win.cc(151)] SuspendThread: Access is denied. (0x5)
[0729/114912.613:ERROR:process_reader_win.cc(151)] SuspendThread: Access is denied. (0x5)
[0729/114912.613:ERROR:process_reader_win.cc(123)] NtOpenThread: {Access Denied} A process has requested access to an object, but has not been granted those access rights. (0xc0000022)
[0729/114912.615:ERROR:exception_snapshot_win.cc(98)] thread ID 16292 not found in process
[0729/114912.612:ERROR:process_reader_win.cc(151)] SuspendThread: Access is denied. (0x5)
[0729/114912.616:ERROR:process_reader_win.cc(151)] SuspendThread: Access is denied. (0x5)
[0729/114912.616:ERROR:process_reader_win.cc(151)] SuspendThread: Access is denied. (0x5)
[0729/114912.616:ERROR:process_reader_win.cc(151)] SuspendThread: Access is denied. (0x5)
[0729/114912.612:ERROR:process_reader_win.cc(151)] SuspendThread: Access is denied. (0x5)
[0729/114912.616:ERROR:process_reader_win.cc(151)] SuspendThread: Access is denied. (0x5)
[0729/114912.616:ERROR:process_reader_win.cc(151)] SuspendThread: Access is denied. (0x5)
[0729/114912.616:ERROR:process_reader_win.cc(151)] SuspendThread: Access is denied. (0x5)
[0729/114912.616:ERROR:process_reader_win.cc(151)] SuspendThread: Access is denied. (0x5)
[0729/114912.616:ERROR:process_reader_win.cc(151)] SuspendThread: Access is denied. (0x5)
[0729/114912.616:ERROR:process_reader_win.cc(151)] SuspendThread: Access is denied. (0x5)
[0729/114912.616:ERROR:process_reader_win.cc(151)] SuspendThread: Access is denied. (0x5)
[0729/114912.616:ERROR:process_reader_win.cc(151)] SuspendThread: Access is denied. (0x5)
[0729/114912.616:ERROR:process_reader_win.cc(151)] SuspendThread: Access is denied. (0x5)
[0729/114912.616:ERROR:process_reader_win.cc(151)] SuspendThread: Access is denied. (0x5)
[0729/114912.616:ERROR:process_reader_win.cc(151)] SuspendThread: Access is denied. (0x5)
[0729/114912.616:ERROR:process_reader_win.cc(151)] SuspendThread: Access is denied. (0x5)
[0729/114912.616:ERROR:process_reader_win.cc(151)] SuspendThread: Access is denied. (0x5)
[0729/114912.616:ERROR:process_reader_win.cc(151)] SuspendThread: Access is denied. (0x5)
[0729/114912.616:ERROR:process_reader_win.cc(151)] SuspendThread: Access is denied. (0x5)
[0729/114912.616:ERROR:process_reader_win.cc(151)] SuspendThread: Access is denied. (0x5)
[0729/114912.616:ERROR:process_reader_win.cc(151)] SuspendThread: Access is denied. (0x5)
[0729/114912.616:ERROR:process_reader_win.cc(151)] SuspendThread: Access is denied. (0x5)
[0729/114912.616:ERROR:process_reader_win.cc(123)] NtOpenThread: {Access Denied} A process has requested access to an object, but has not been granted those access rights. (0xc0000022)
[0729/114912.616:ERROR:exception_snapshot_win.cc(98)] thread ID 16304 not found in process
[0729/114912.616:ERROR:process_reader_win.cc(151)] SuspendThread: Access is denied. (0x5)
[0729/114912.616:ERROR:process_reader_win.cc(151)] SuspendThread: Access is denied. (0x5)
[0729/114912.616:ERROR:process_reader_win.cc(151)] SuspendThread: Access is denied. (0x5)
[0729/114912.616:ERROR:process_reader_win.cc(123)] NtOpenThread: {Access Denied} A process has requested access to an object, but has not been granted those access rights. (0xc0000022)
[0729/114912.616:ERROR:exception_snapshot_win.cc(98)] thread ID 13624 not found in process
[0729/114912.627:ERROR:process_reader_win.cc(151)] SuspendThread: Access is denied. (0x5)
[0729/114912.627:ERROR:process_reader_win.cc(123)] NtOpenThread: {Access Denied} A process has requested access to an object, but has not been granted those access rights. (0xc0000022)
[0729/114912.627:ERROR:exception_snapshot_win.cc(98)] thread ID 14932 not found in process
[0729/114912.632:ERROR:process_reader_win.cc(151)] SuspendThread: Access is denied. (0x5)
[0729/114912.632:ERROR:process_reader_win.cc(151)] SuspendThread: Access is denied. (0x5)
[0729/114912.632:ERROR:process_reader_win.cc(151)] SuspendThread: Access is denied. (0x5)
[0729/114912.632:ERROR:process_reader_win.cc(151)] SuspendThread: Access is denied. (0x5)
[0729/114912.632:ERROR:process_reader_win.cc(151)] SuspendThread: Access is denied. (0x5)
[0729/114912.632:ERROR:process_reader_win.cc(151)] SuspendThread: Access is denied. (0x5)
[0729/114912.632:ERROR:process_reader_win.cc(151)] SuspendThread: Access is denied. (0x5)
[0729/114912.632:ERROR:process_reader_win.cc(151)] SuspendThread: Access is denied. (0x5)
[0729/114912.632:ERROR:process_reader_win.cc(123)] NtOpenThread: {Access Denied} A process has requested access to an object, but has not been granted those access rights. (0xc0000022)
[0729/114912.632:ERROR:process_reader_win.cc(123)] NtOpenThread: {Access Denied} A process has requested access to an object, but has not been granted those access rights. (0xc0000022)
[0729/114912.632:ERROR:exception_snapshot_win.cc(98)] thread ID 14836 not found in process
[0729/114912.632:ERROR:exception_snapshot_win.cc(98)] thread ID 16300 not found in process
[0729/114912.652:ERROR:process_reader_win.cc(151)] SuspendThread: Access is denied. (0x5)
[0729/114912.652:ERROR:process_reader_win.cc(151)] SuspendThread: Access is denied. (0x5)
[0729/114912.652:ERROR:process_reader_win.cc(151)] SuspendThread: Access is denied. (0x5)
[0729/114912.652:ERROR:process_reader_win.cc(151)] SuspendThread: Access is denied. (0x5)
[0729/114912.652:ERROR:process_reader_win.cc(123)] NtOpenThread: {Access Denied} A process has requested access to an object, but has not been granted those access rights. (0xc0000022)
[0729/114912.652:ERROR:exception_snapshot_win.cc(98)] thread ID 15804 not found in process
[0729/114912.652:ERROR:process_reader_win.cc(151)] SuspendThread: Access is denied. (0x5)
[0729/114912.652:ERROR:process_reader_win.cc(151)] SuspendThread: Access is denied. (0x5)
[0729/114912.653:ERROR:process_reader_win.cc(151)] SuspendThread: Access is denied. (0x5)
[0729/114912.653:ERROR:process_reader_win.cc(151)] SuspendThread: Access is denied. (0x5)
[0729/114912.653:ERROR:process_reader_win.cc(151)] SuspendThread: Access is denied. (0x5)
[0729/114912.653:ERROR:process_reader_win.cc(151)] SuspendThread: Access is denied. (0x5)
[0729/114912.653:ERROR:process_reader_win.cc(151)] SuspendThread: Access is denied. (0x5)
[0729/114912.653:ERROR:process_reader_win.cc(151)] SuspendThread: Access is denied. (0x5)
[0729/114912.653:ERROR:process_reader_win.cc(151)] SuspendThread: Access is denied. (0x5)
[0729/114912.653:ERROR:process_reader_win.cc(123)] NtOpenThread: {Access Denied} A process has requested access to an object, but has not been granted those access rights. (0xc0000022)
[0729/114912.653:ERROR:exception_snapshot_win.cc(98)] thread ID 4032 not found in process
[0729/114912.653:ERROR:process_reader_win.cc(123)] NtOpenThread: {Access Denied} A process has requested access to an object, but has not been granted those access rights. (0xc0000022)
[0729/114912.653:ERROR:exception_snapshot_win.cc(98)] thread ID 14464 not found in process
[0729/114912.653:ERROR:process_reader_win.cc(151)] SuspendThread: Access is denied. (0x5)
[0729/114912.655:ERROR:process_reader_win.cc(151)] SuspendThread: Access is denied. (0x5)
[0729/114912.655:ERROR:process_reader_win.cc(151)] SuspendThread: Access is denied. (0x5)
[0729/114912.655:ERROR:process_reader_win.cc(151)] SuspendThread: Access is denied. (0x5)
[0729/114912.656:ERROR:process_reader_win.cc(123)] NtOpenThread: {Access Denied} A process has requested access to an object, but has not been granted those access rights. (0xc0000022)
[0729/114912.656:ERROR:exception_snapshot_win.cc(98)] thread ID 16364 not found in process
[0729/114912.667:ERROR:process_reader_win.cc(151)] SuspendThread: Access is denied. (0x5)
[0729/114912.667:ERROR:process_reader_win.cc(123)] NtOpenThread: {Access Denied} A process has requested access to an object, but has not been granted those access rights. (0xc0000022)
[0729/114912.667:ERROR:exception_snapshot_win.cc(98)] thread ID 5108 not found in process
[0729/114912.667:ERROR:process_reader_win.cc(151)] SuspendThread: Access is denied. (0x5)
[0729/114912.667:ERROR:process_reader_win.cc(123)] NtOpenThread: {Access Denied} A process has requested access to an object, but has not been granted those access rights. (0xc0000022)
[0729/114912.667:ERROR:exception_snapshot_win.cc(98)] thread ID 15784 not found in process
[0729/114912.674:ERROR:process_reader_win.cc(151)] SuspendThread: Access is denied. (0x5)
[0729/114912.674:ERROR:process_reader_win.cc(151)] SuspendThread: Access is denied. (0x5)
[0729/114912.674:ERROR:process_reader_win.cc(123)] NtOpenThread: {Access Denied} A process has requested access to an object, but has not been granted those access rights. (0xc0000022)
[0729/114912.674:ERROR:exception_snapshot_win.cc(98)] thread ID 15376 not found in process
[0729/114912.684:ERROR:process_reader_win.cc(151)] SuspendThread: Access is denied. (0x5)
[0729/114912.685:ERROR:process_reader_win.cc(151)] SuspendThread: Access is denied. (0x5)
[0729/114912.685:ERROR:process_reader_win.cc(151)] SuspendThread: Access is denied. (0x5)
[0729/114912.685:ERROR:process_reader_win.cc(151)] SuspendThread: Access is denied. (0x5)
[0729/114912.685:ERROR:process_reader_win.cc(151)] SuspendThread: Access is denied. (0x5)
[0729/114912.685:ERROR:process_reader_win.cc(151)] SuspendThread: Access is denied. (0x5)
[0729/114912.685:ERROR:process_reader_win.cc(151)] SuspendThread: Access is denied. (0x5)
[0729/114912.685:ERROR:process_reader_win.cc(151)] SuspendThread: Access is denied. (0x5)
[0729/114912.685:ERROR:process_reader_win.cc(123)] NtOpenThread: {Access Denied} A process has requested access to an object, but has not been granted those access rights. (0xc0000022)
[0729/114912.685:ERROR:exception_snapshot_win.cc(98)] thread ID 15616 not found in process
[0729/114912.685:ERROR:process_reader_win.cc(123)] NtOpenThread: {Access Denied} A process has requested access to an object, but has not been granted those access rights. (0xc0000022)
[0729/114912.685:ERROR:exception_snapshot_win.cc(98)] thread ID 13052 not found in process
[0729/114912.687:ERROR:process_reader_win.cc(151)] SuspendThread: Access is denied. (0x5)
[0729/114912.687:ERROR:process_reader_win.cc(151)] SuspendThread: Access is denied. (0x5)
[0729/114912.687:ERROR:process_reader_win.cc(151)] SuspendThread: Access is denied. (0x5)
[0729/114912.687:ERROR:process_reader_win.cc(151)] SuspendThread: Access is denied. (0x5)
[0729/114912.687:ERROR:process_reader_win.cc(123)] NtOpenThread: {Access Denied} A process has requested access to an object, but has not been granted those access rights. (0xc0000022)
[0729/114912.688:ERROR:exception_snapshot_win.cc(98)] thread ID 252 not found in process
[0729/114912.696:ERROR:process_reader_win.cc(151)] SuspendThread: Access is denied. (0x5)
[0729/114912.696:ERROR:process_reader_win.cc(151)] SuspendThread: Access is denied. (0x5)
[0729/114912.696:ERROR:process_reader_win.cc(123)] NtOpenThread: {Access Denied} A process has requested access to an object, but has not been granted those access rights. (0xc0000022)
[0729/114912.696:ERROR:process_reader_win.cc(123)] NtOpenThread: {Access Denied} A process has requested access to an object, but has not been granted those access rights. (0xc0000022)
[0729/114912.696:ERROR:exception_snapshot_win.cc(98)] thread ID 15440 not found in process
[0729/114912.697:ERROR:exception_snapshot_win.cc(98)] thread ID 1288 not found in process
[0729/114912.697:ERROR:process_reader_win.cc(151)] SuspendThread: Access is denied. (0x5)
[0729/114912.697:ERROR:process_reader_win.cc(123)] NtOpenThread: {Access Denied} A process has requested access to an object, but has not been granted those access rights. (0xc0000022)
[0729/114912.697:ERROR:exception_snapshot_win.cc(98)] thread ID 15156 not found in process
[0729/170051.630:ERROR:process_reader_win.cc(151)] SuspendThread: Access is denied. (0x5)
[0729/170051.631:ERROR:process_reader_win.cc(123)] NtOpenThread: {Access Denied} A process has requested access to an object, but has not been granted those access rights. (0xc0000022)
[0729/170051.631:ERROR:exception_snapshot_win.cc(98)] thread ID 138796 not found in process
[0729/170051.663:ERROR:process_reader_win.cc(151)] SuspendThread: Access is denied. (0x5)
[0729/170051.664:ERROR:process_reader_win.cc(151)] SuspendThread: Access is denied. (0x5)
[0729/170051.664:ERROR:process_reader_win.cc(151)] SuspendThread: Access is denied. (0x5)
[0729/170051.664:ERROR:process_reader_win.cc(151)] SuspendThread: Access is denied. (0x5)
[0729/170051.664:ERROR:process_reader_win.cc(151)] SuspendThread: Access is denied. (0x5)
[0729/170051.664:ERROR:process_reader_win.cc(151)] SuspendThread: Access is denied. (0x5)
[0729/170051.664:ERROR:process_reader_win.cc(151)] SuspendThread: Access is denied. (0x5)
[0729/170051.664:ERROR:process_reader_win.cc(151)] SuspendThread: Access is denied. (0x5)
[0729/170051.664:ERROR:process_reader_win.cc(123)] NtOpenThread: {Access Denied} A process has requested access to an object, but has not been granted those access rights. (0xc0000022)
[0729/170051.664:ERROR:exception_snapshot_win.cc(98)] thread ID 135644 not found in process
